0 info it worked if it ends with ok
1 verbose cli [ 'node', '/usr/local/bin/npm', 'install' ]
2 info using npm@1.4.28
3 info using node@v0.10.33
4 warn package.json rofl@0.1.0 No description
5 warn package.json rofl@0.1.0 No repository field.
6 warn package.json rofl@0.1.0 No README data
7 verbose readDependencies using package.json deps
8 verbose install where, deps [ '/Users/toonvandeputte/psites/fri3d.be',
8 verbose install   [ 'grunt',
8 verbose install     'grunt-contrib-jshint',
8 verbose install     'grunt-contrib-less',
8 verbose install     'grunt-contrib-uglify',
8 verbose install     'grunt-contrib-watch',
8 verbose install     'grunt-contrib-copy',
8 verbose install     'normalize.css' ] ]
9 info preinstall rofl@0.1.0
10 verbose readDependencies using package.json deps
11 verbose cache add [ 'grunt-contrib-jshint@~0.10.0', null ]
12 verbose cache add name=undefined spec="grunt-contrib-jshint@~0.10.0" args=["grunt-contrib-jshint@~0.10.0",null]
13 verbose parsed url { protocol: null,
13 verbose parsed url   slashes: null,
13 verbose parsed url   auth: null,
13 verbose parsed url   host: null,
13 verbose parsed url   port: null,
13 verbose parsed url   hostname: null,
13 verbose parsed url   hash: null,
13 verbose parsed url   search: null,
13 verbose parsed url   query: null,
13 verbose parsed url   pathname: 'grunt-contrib-jshint@~0.10.0',
13 verbose parsed url   path: 'grunt-contrib-jshint@~0.10.0',
13 verbose parsed url   href: 'grunt-contrib-jshint@~0.10.0' }
14 verbose cache add [ 'grunt-contrib-less@~1.0.1', null ]
15 verbose cache add name=undefined spec="grunt-contrib-less@~1.0.1" args=["grunt-contrib-less@~1.0.1",null]
16 verbose parsed url { protocol: null,
16 verbose parsed url   slashes: null,
16 verbose parsed url   auth: null,
16 verbose parsed url   host: null,
16 verbose parsed url   port: null,
16 verbose parsed url   hostname: null,
16 verbose parsed url   hash: null,
16 verbose parsed url   search: null,
16 verbose parsed url   query: null,
16 verbose parsed url   pathname: 'grunt-contrib-less@~1.0.1',
16 verbose parsed url   path: 'grunt-contrib-less@~1.0.1',
16 verbose parsed url   href: 'grunt-contrib-less@~1.0.1' }
17 verbose cache add [ 'grunt-contrib-uglify@~0.5.0', null ]
18 verbose cache add name=undefined spec="grunt-contrib-uglify@~0.5.0" args=["grunt-contrib-uglify@~0.5.0",null]
19 verbose parsed url { protocol: null,
19 verbose parsed url   slashes: null,
19 verbose parsed url   auth: null,
19 verbose parsed url   host: null,
19 verbose parsed url   port: null,
19 verbose parsed url   hostname: null,
19 verbose parsed url   hash: null,
19 verbose parsed url   search: null,
19 verbose parsed url   query: null,
19 verbose parsed url   pathname: 'grunt-contrib-uglify@~0.5.0',
19 verbose parsed url   path: 'grunt-contrib-uglify@~0.5.0',
19 verbose parsed url   href: 'grunt-contrib-uglify@~0.5.0' }
20 verbose cache add [ 'grunt-contrib-watch@^0.6.1', null ]
21 verbose cache add name=undefined spec="grunt-contrib-watch@^0.6.1" args=["grunt-contrib-watch@^0.6.1",null]
22 verbose parsed url { protocol: null,
22 verbose parsed url   slashes: null,
22 verbose parsed url   auth: null,
22 verbose parsed url   host: null,
22 verbose parsed url   port: null,
22 verbose parsed url   hostname: null,
22 verbose parsed url   hash: null,
22 verbose parsed url   search: null,
22 verbose parsed url   query: null,
22 verbose parsed url   pathname: 'grunt-contrib-watch@^0.6.1',
22 verbose parsed url   path: 'grunt-contrib-watch@^0.6.1',
22 verbose parsed url   href: 'grunt-contrib-watch@^0.6.1' }
23 verbose cache add name="grunt-contrib-jshint" spec="~0.10.0" args=["grunt-contrib-jshint","~0.10.0"]
24 verbose parsed url { protocol: null,
24 verbose parsed url   slashes: null,
24 verbose parsed url   auth: null,
24 verbose parsed url   host: null,
24 verbose parsed url   port: null,
24 verbose parsed url   hostname: null,
24 verbose parsed url   hash: null,
24 verbose parsed url   search: null,
24 verbose parsed url   query: null,
24 verbose parsed url   pathname: '~0.10.0',
24 verbose parsed url   path: '~0.10.0',
24 verbose parsed url   href: '~0.10.0' }
25 verbose addNamed [ 'grunt-contrib-jshint', '~0.10.0' ]
26 verbose addNamed [ null, '>=0.10.0-0 <0.11.0-0' ]
27 verbose cache add name="grunt-contrib-less" spec="~1.0.1" args=["grunt-contrib-less","~1.0.1"]
28 verbose parsed url { protocol: null,
28 verbose parsed url   slashes: null,
28 verbose parsed url   auth: null,
28 verbose parsed url   host: null,
28 verbose parsed url   port: null,
28 verbose parsed url   hostname: null,
28 verbose parsed url   hash: null,
28 verbose parsed url   search: null,
28 verbose parsed url   query: null,
28 verbose parsed url   pathname: '~1.0.1',
28 verbose parsed url   path: '~1.0.1',
28 verbose parsed url   href: '~1.0.1' }
29 verbose addNamed [ 'grunt-contrib-less', '~1.0.1' ]
30 verbose addNamed [ null, '>=1.0.1-0 <1.1.0-0' ]
31 verbose cache add name="grunt-contrib-uglify" spec="~0.5.0" args=["grunt-contrib-uglify","~0.5.0"]
32 verbose parsed url { protocol: null,
32 verbose parsed url   slashes: null,
32 verbose parsed url   auth: null,
32 verbose parsed url   host: null,
32 verbose parsed url   port: null,
32 verbose parsed url   hostname: null,
32 verbose parsed url   hash: null,
32 verbose parsed url   search: null,
32 verbose parsed url   query: null,
32 verbose parsed url   pathname: '~0.5.0',
32 verbose parsed url   path: '~0.5.0',
32 verbose parsed url   href: '~0.5.0' }
33 verbose addNamed [ 'grunt-contrib-uglify', '~0.5.0' ]
34 verbose addNamed [ null, '>=0.5.0-0 <0.6.0-0' ]
35 verbose cache add [ 'grunt-contrib-copy@^0.8.2', null ]
36 verbose cache add name=undefined spec="grunt-contrib-copy@^0.8.2" args=["grunt-contrib-copy@^0.8.2",null]
37 verbose parsed url { protocol: null,
37 verbose parsed url   slashes: null,
37 verbose parsed url   auth: null,
37 verbose parsed url   host: null,
37 verbose parsed url   port: null,
37 verbose parsed url   hostname: null,
37 verbose parsed url   hash: null,
37 verbose parsed url   search: null,
37 verbose parsed url   query: null,
37 verbose parsed url   pathname: 'grunt-contrib-copy@^0.8.2',
37 verbose parsed url   path: 'grunt-contrib-copy@^0.8.2',
37 verbose parsed url   href: 'grunt-contrib-copy@^0.8.2' }
38 verbose cache add [ 'normalize.css@^3.0.3', null ]
39 verbose cache add name=undefined spec="normalize.css@^3.0.3" args=["normalize.css@^3.0.3",null]
40 verbose parsed url { protocol: null,
40 verbose parsed url   slashes: null,
40 verbose parsed url   auth: null,
40 verbose parsed url   host: null,
40 verbose parsed url   port: null,
40 verbose parsed url   hostname: null,
40 verbose parsed url   hash: null,
40 verbose parsed url   search: null,
40 verbose parsed url   query: null,
40 verbose parsed url   pathname: 'normalize.css@^3.0.3',
40 verbose parsed url   path: 'normalize.css@^3.0.3',
40 verbose parsed url   href: 'normalize.css@^3.0.3' }
41 verbose cache add name="grunt-contrib-watch" spec="^0.6.1" args=["grunt-contrib-watch","^0.6.1"]
42 verbose parsed url { protocol: null,
42 verbose parsed url   slashes: null,
42 verbose parsed url   auth: null,
42 verbose parsed url   host: null,
42 verbose parsed url   port: null,
42 verbose parsed url   hostname: null,
42 verbose parsed url   hash: null,
42 verbose parsed url   search: null,
42 verbose parsed url   query: null,
42 verbose parsed url   pathname: '^0.6.1',
42 verbose parsed url   path: '^0.6.1',
42 verbose parsed url   href: '^0.6.1' }
43 verbose addNamed [ 'grunt-contrib-watch', '^0.6.1' ]
44 verbose addNamed [ null, '>=0.6.1-0 <0.7.0-0' ]
45 silly lockFile 956acfd4-grunt-contrib-jshint-0-10-0 grunt-contrib-jshint@~0.10.0
46 verbose lock grunt-contrib-jshint@~0.10.0 /Users/toonvandeputte/.npm/956acfd4-grunt-contrib-jshint-0-10-0.lock
47 silly lockFile dbc7cf04-grunt-contrib-less-1-0-1 grunt-contrib-less@~1.0.1
48 verbose lock grunt-contrib-less@~1.0.1 /Users/toonvandeputte/.npm/dbc7cf04-grunt-contrib-less-1-0-1.lock
49 silly lockFile 2d901165-grunt-contrib-uglify-0-5-0 grunt-contrib-uglify@~0.5.0
50 verbose lock grunt-contrib-uglify@~0.5.0 /Users/toonvandeputte/.npm/2d901165-grunt-contrib-uglify-0-5-0.lock
51 silly lockFile 224b1ece-grunt-contrib-watch-0-6-1 grunt-contrib-watch@^0.6.1
52 verbose lock grunt-contrib-watch@^0.6.1 /Users/toonvandeputte/.npm/224b1ece-grunt-contrib-watch-0-6-1.lock
53 verbose cache add name="grunt-contrib-copy" spec="^0.8.2" args=["grunt-contrib-copy","^0.8.2"]
54 verbose parsed url { protocol: null,
54 verbose parsed url   slashes: null,
54 verbose parsed url   auth: null,
54 verbose parsed url   host: null,
54 verbose parsed url   port: null,
54 verbose parsed url   hostname: null,
54 verbose parsed url   hash: null,
54 verbose parsed url   search: null,
54 verbose parsed url   query: null,
54 verbose parsed url   pathname: '^0.8.2',
54 verbose parsed url   path: '^0.8.2',
54 verbose parsed url   href: '^0.8.2' }
55 verbose addNamed [ 'grunt-contrib-copy', '^0.8.2' ]
56 verbose addNamed [ null, '>=0.8.2-0 <0.9.0-0' ]
57 silly lockFile 68b93783-grunt-contrib-copy-0-8-2 grunt-contrib-copy@^0.8.2
58 verbose lock grunt-contrib-copy@^0.8.2 /Users/toonvandeputte/.npm/68b93783-grunt-contrib-copy-0-8-2.lock
59 verbose cache add [ 'grunt@~0.4.5', null ]
60 verbose cache add name=undefined spec="grunt@~0.4.5" args=["grunt@~0.4.5",null]
61 verbose parsed url { protocol: null,
61 verbose parsed url   slashes: null,
61 verbose parsed url   auth: null,
61 verbose parsed url   host: null,
61 verbose parsed url   port: null,
61 verbose parsed url   hostname: null,
61 verbose parsed url   hash: null,
61 verbose parsed url   search: null,
61 verbose parsed url   query: null,
61 verbose parsed url   pathname: 'grunt@~0.4.5',
61 verbose parsed url   path: 'grunt@~0.4.5',
61 verbose parsed url   href: 'grunt@~0.4.5' }
62 verbose cache add name="normalize.css" spec="^3.0.3" args=["normalize.css","^3.0.3"]
63 verbose parsed url { protocol: null,
63 verbose parsed url   slashes: null,
63 verbose parsed url   auth: null,
63 verbose parsed url   host: null,
63 verbose parsed url   port: null,
63 verbose parsed url   hostname: null,
63 verbose parsed url   hash: null,
63 verbose parsed url   search: null,
63 verbose parsed url   query: null,
63 verbose parsed url   pathname: '^3.0.3',
63 verbose parsed url   path: '^3.0.3',
63 verbose parsed url   href: '^3.0.3' }
64 verbose addNamed [ 'normalize.css', '^3.0.3' ]
65 verbose addNamed [ null, '>=3.0.3-0 <4.0.0-0' ]
66 silly lockFile d9ae762f-normalize-css-3-0-3 normalize.css@^3.0.3
67 verbose lock normalize.css@^3.0.3 /Users/toonvandeputte/.npm/d9ae762f-normalize-css-3-0-3.lock
68 verbose cache add name="grunt" spec="~0.4.5" args=["grunt","~0.4.5"]
69 verbose parsed url { protocol: null,
69 verbose parsed url   slashes: null,
69 verbose parsed url   auth: null,
69 verbose parsed url   host: null,
69 verbose parsed url   port: null,
69 verbose parsed url   hostname: null,
69 verbose parsed url   hash: null,
69 verbose parsed url   search: null,
69 verbose parsed url   query: null,
69 verbose parsed url   pathname: '~0.4.5',
69 verbose parsed url   path: '~0.4.5',
69 verbose parsed url   href: '~0.4.5' }
70 verbose addNamed [ 'grunt', '~0.4.5' ]
71 verbose addNamed [ null, '>=0.4.5-0 <0.5.0-0' ]
72 silly lockFile 240974bb-grunt-0-4-5 grunt@~0.4.5
73 verbose lock grunt@~0.4.5 /Users/toonvandeputte/.npm/240974bb-grunt-0-4-5.lock
74 silly addNameRange { name: 'grunt-contrib-less',
74 silly addNameRange   range: '>=1.0.1-0 <1.1.0-0',
74 silly addNameRange   hasData: false }
75 silly addNameRange { name: 'grunt-contrib-jshint',
75 silly addNameRange   range: '>=0.10.0-0 <0.11.0-0',
75 silly addNameRange   hasData: false }
76 silly addNameRange { name: 'grunt-contrib-uglify',
76 silly addNameRange   range: '>=0.5.0-0 <0.6.0-0',
76 silly addNameRange   hasData: false }
77 silly addNameRange { name: 'grunt-contrib-watch',
77 silly addNameRange   range: '>=0.6.1-0 <0.7.0-0',
77 silly addNameRange   hasData: false }
78 silly addNameRange { name: 'grunt-contrib-copy',
78 silly addNameRange   range: '>=0.8.2-0 <0.9.0-0',
78 silly addNameRange   hasData: false }
79 silly addNameRange { name: 'normalize.css',
79 silly addNameRange   range: '>=3.0.3-0 <4.0.0-0',
79 silly addNameRange   hasData: false }
80 silly addNameRange { name: 'grunt', range: '>=0.4.5-0 <0.5.0-0', hasData: false }
81 verbose request where is /normalize.css
82 verbose request registry https://registry.npmjs.org/
83 verbose request id 9db9b37a28c71f21
84 verbose url raw /normalize.css
85 verbose url resolving [ 'https://registry.npmjs.org/', './normalize.css' ]
86 verbose url resolved https://registry.npmjs.org/normalize.css
87 verbose request where is https://registry.npmjs.org/normalize.css
88 info trying registry request attempt 1 at 00:20:39
89 http GET https://registry.npmjs.org/normalize.css
90 verbose request where is /grunt-contrib-less
91 verbose request registry https://registry.npmjs.org/
92 verbose url raw /grunt-contrib-less
93 verbose url resolving [ 'https://registry.npmjs.org/', './grunt-contrib-less' ]
94 verbose url resolved https://registry.npmjs.org/grunt-contrib-less
95 verbose request where is https://registry.npmjs.org/grunt-contrib-less
96 info trying registry request attempt 1 at 00:20:39
97 verbose etag "983CBUZXCZU3V07DPG0U41U8R"
98 http GET https://registry.npmjs.org/grunt-contrib-less
99 verbose request where is /grunt-contrib-uglify
100 verbose request registry https://registry.npmjs.org/
101 verbose url raw /grunt-contrib-uglify
102 verbose url resolving [ 'https://registry.npmjs.org/', './grunt-contrib-uglify' ]
103 verbose url resolved https://registry.npmjs.org/grunt-contrib-uglify
104 verbose request where is https://registry.npmjs.org/grunt-contrib-uglify
105 info trying registry request attempt 1 at 00:20:39
106 verbose etag "CD79BYBD1E0Q6DJIFISPGKSYJ"
107 http GET https://registry.npmjs.org/grunt-contrib-uglify
108 verbose request where is /grunt-contrib-jshint
109 verbose request registry https://registry.npmjs.org/
110 verbose url raw /grunt-contrib-jshint
111 verbose url resolving [ 'https://registry.npmjs.org/', './grunt-contrib-jshint' ]
112 verbose url resolved https://registry.npmjs.org/grunt-contrib-jshint
113 verbose request where is https://registry.npmjs.org/grunt-contrib-jshint
114 info trying registry request attempt 1 at 00:20:39
115 verbose etag "9WKT6JI425NFRAA423U4QL4YC"
116 http GET https://registry.npmjs.org/grunt-contrib-jshint
117 verbose request where is /grunt-contrib-copy
118 verbose request registry https://registry.npmjs.org/
119 verbose url raw /grunt-contrib-copy
120 verbose url resolving [ 'https://registry.npmjs.org/', './grunt-contrib-copy' ]
121 verbose url resolved https://registry.npmjs.org/grunt-contrib-copy
122 verbose request where is https://registry.npmjs.org/grunt-contrib-copy
123 info trying registry request attempt 1 at 00:20:39
124 verbose etag "56ZRBS93ZHP051QU5GL16YIUR"
125 http GET https://registry.npmjs.org/grunt-contrib-copy
126 verbose request where is /grunt-contrib-watch
127 verbose request registry https://registry.npmjs.org/
128 verbose url raw /grunt-contrib-watch
129 verbose url resolving [ 'https://registry.npmjs.org/', './grunt-contrib-watch' ]
130 verbose url resolved https://registry.npmjs.org/grunt-contrib-watch
131 verbose request where is https://registry.npmjs.org/grunt-contrib-watch
132 info trying registry request attempt 1 at 00:20:39
133 verbose etag "D7C19SHCH32AM16WID96LTI3I"
134 http GET https://registry.npmjs.org/grunt-contrib-watch
135 verbose request where is /grunt
136 verbose request registry https://registry.npmjs.org/
137 verbose url raw /grunt
138 verbose url resolving [ 'https://registry.npmjs.org/', './grunt' ]
139 verbose url resolved https://registry.npmjs.org/grunt
140 verbose request where is https://registry.npmjs.org/grunt
141 info trying registry request attempt 1 at 00:20:39
142 verbose etag "2UHQFNI3LSLD5URMJDR0Z3RS9"
143 http GET https://registry.npmjs.org/grunt
144 http 200 https://registry.npmjs.org/grunt-contrib-copy
145 silly registry.get cb [ 200,
145 silly registry.get   { server: 'CouchDB/1.5.0 (Erlang OTP/R16B03)',
145 silly registry.get     etag: '"70C8IC1EVJ5A8N7XDTJYRLETE"',
145 silly registry.get     'content-type': 'application/json',
145 silly registry.get     'cache-control': 'max-age=300',
145 silly registry.get     'content-length': '36929',
145 silly registry.get     'accept-ranges': 'bytes',
145 silly registry.get     date: 'Tue, 22 Dec 2015 23:20:39 GMT',
145 silly registry.get     via: '1.1 varnish',
145 silly registry.get     age: '31',
145 silly registry.get     connection: 'keep-alive',
145 silly registry.get     'x-served-by': 'cache-ams4146-AMS',
145 silly registry.get     'x-cache': 'HIT',
145 silly registry.get     'x-cache-hits': '1',
145 silly registry.get     'x-timer': 'S1450826439.465754,VS0,VE0',
145 silly registry.get     vary: 'Accept' } ]
146 silly addNameRange number 2 { name: 'grunt-contrib-copy',
146 silly addNameRange   range: '>=0.8.2-0 <0.9.0-0',
146 silly addNameRange   hasData: true }
147 silly addNameRange versions [ 'grunt-contrib-copy',
147 silly addNameRange   [ '0.2.0',
147 silly addNameRange     '0.2.1',
147 silly addNameRange     '0.2.2',
147 silly addNameRange     '0.2.3',
147 silly addNameRange     '0.2.4',
147 silly addNameRange     '0.3.0',
147 silly addNameRange     '0.3.1',
147 silly addNameRange     '0.3.2',
147 silly addNameRange     '0.4.0',
147 silly addNameRange     '0.4.1',
147 silly addNameRange     '0.5.0',
147 silly addNameRange     '0.6.0',
147 silly addNameRange     '0.7.0',
147 silly addNameRange     '0.8.0',
147 silly addNameRange     '0.8.1',
147 silly addNameRange     '0.8.2',
147 silly addNameRange     '0.4.0-rc7' ] ]
148 verbose addNamed [ 'grunt-contrib-copy', '0.8.2' ]
149 verbose addNamed [ '0.8.2', '0.8.2' ]
150 silly lockFile 5035003b-grunt-contrib-copy-0-8-2 grunt-contrib-copy@0.8.2
151 verbose lock grunt-contrib-copy@0.8.2 /Users/toonvandeputte/.npm/5035003b-grunt-contrib-copy-0-8-2.lock
152 silly lockFile 5035003b-grunt-contrib-copy-0-8-2 grunt-contrib-copy@0.8.2
153 silly lockFile 5035003b-grunt-contrib-copy-0-8-2 grunt-contrib-copy@0.8.2
154 silly lockFile 68b93783-grunt-contrib-copy-0-8-2 grunt-contrib-copy@^0.8.2
155 silly lockFile 68b93783-grunt-contrib-copy-0-8-2 grunt-contrib-copy@^0.8.2
156 http 200 https://registry.npmjs.org/grunt-contrib-uglify
157 silly registry.get cb [ 200,
157 silly registry.get   { server: 'CouchDB/1.5.0 (Erlang OTP/R16B03)',
157 silly registry.get     etag: '"C0QHVYV30GGAJDOBDMMN7E4G3"',
157 silly registry.get     'content-type': 'application/json',
157 silly registry.get     'cache-control': 'max-age=300',
157 silly registry.get     'content-length': '74093',
157 silly registry.get     'accept-ranges': 'bytes',
157 silly registry.get     date: 'Tue, 22 Dec 2015 23:20:39 GMT',
157 silly registry.get     via: '1.1 varnish',
157 silly registry.get     age: '277',
157 silly registry.get     connection: 'keep-alive',
157 silly registry.get     'x-served-by': 'cache-ams4148-AMS',
157 silly registry.get     'x-cache': 'HIT',
157 silly registry.get     'x-cache-hits': '1',
157 silly registry.get     'x-timer': 'S1450826439.458665,VS0,VE0',
157 silly registry.get     vary: 'Accept' } ]
158 silly addNameRange number 2 { name: 'grunt-contrib-uglify',
158 silly addNameRange   range: '>=0.5.0-0 <0.6.0-0',
158 silly addNameRange   hasData: true }
159 silly addNameRange versions [ 'grunt-contrib-uglify',
159 silly addNameRange   [ '0.1.0',
159 silly addNameRange     '0.1.1',
159 silly addNameRange     '0.1.2',
159 silly addNameRange     '0.2.0',
159 silly addNameRange     '0.2.1',
159 silly addNameRange     '0.2.2',
159 silly addNameRange     '0.2.3',
159 silly addNameRange     '0.2.4',
159 silly addNameRange     '0.2.5',
159 silly addNameRange     '0.2.6',
159 silly addNameRange     '0.2.7',
159 silly addNameRange     '0.3.0',
159 silly addNameRange     '0.3.1',
159 silly addNameRange     '0.1.1-rc5',
159 silly addNameRange     '0.1.1-rc6',
159 silly addNameRange     '0.3.2',
159 silly addNameRange     '0.3.3',
159 silly addNameRange     '0.4.0',
159 silly addNameRange     '0.5.0',
159 silly addNameRange     '0.4.1',
159 silly addNameRange     '0.5.1',
159 silly addNameRange     '0.6.0',
159 silly addNameRange     '0.7.0',
159 silly addNameRange     '0.8.0',
159 silly addNameRange     '0.8.1',
159 silly addNameRange     '0.9.0',
159 silly addNameRange     '0.9.1',
159 silly addNameRange     '0.9.2',
159 silly addNameRange     '0.10.0',
159 silly addNameRange     '0.10.1',
159 silly addNameRange     '0.11.0' ] ]
160 verbose addNamed [ 'grunt-contrib-uglify', '0.5.1' ]
161 verbose addNamed [ '0.5.1', '0.5.1' ]
162 silly lockFile a34481be-grunt-contrib-uglify-0-5-1 grunt-contrib-uglify@0.5.1
163 verbose lock grunt-contrib-uglify@0.5.1 /Users/toonvandeputte/.npm/a34481be-grunt-contrib-uglify-0-5-1.lock
164 silly lockFile c69dfd91-y-grunt-contrib-uglify-0-5-1-tgz https://registry.npmjs.org/grunt-contrib-uglify/-/grunt-contrib-uglify-0.5.1.tgz
165 verbose lock https://registry.npmjs.org/grunt-contrib-uglify/-/grunt-contrib-uglify-0.5.1.tgz /Users/toonvandeputte/.npm/c69dfd91-y-grunt-contrib-uglify-0-5-1-tgz.lock
166 verbose addRemoteTarball [ 'https://registry.npmjs.org/grunt-contrib-uglify/-/grunt-contrib-uglify-0.5.1.tgz',
166 verbose addRemoteTarball   '15f0aa5e8e8ba421aea980879ee505bc712b6cde' ]
167 info retry fetch attempt 1 at 00:20:39
168 verbose fetch to= /var/folders/3d/8w_d9d4x01726p5h1_05j6p00000gn/T/npm-37634-RUAx6VGN/registry.npmjs.org/grunt-contrib-uglify/-/grunt-contrib-uglify-0.5.1.tgz
169 http GET https://registry.npmjs.org/grunt-contrib-uglify/-/grunt-contrib-uglify-0.5.1.tgz
170 http 200 https://registry.npmjs.org/grunt-contrib-less
171 silly registry.get cb [ 200,
171 silly registry.get   { server: 'CouchDB/1.5.0 (Erlang OTP/R16B03)',
171 silly registry.get     etag: '"BNZXVXDES4J6NEV1GXKNNUCY9"',
171 silly registry.get     'content-type': 'application/json',
171 silly registry.get     'cache-control': 'max-age=300',
171 silly registry.get     'content-length': '68431',
171 silly registry.get     'accept-ranges': 'bytes',
171 silly registry.get     date: 'Tue, 22 Dec 2015 23:20:39 GMT',
171 silly registry.get     via: '1.1 varnish',
171 silly registry.get     age: '277',
171 silly registry.get     connection: 'keep-alive',
171 silly registry.get     'x-served-by': 'cache-ams4147-AMS',
171 silly registry.get     'x-cache': 'HIT',
171 silly registry.get     'x-cache-hits': '2',
171 silly registry.get     'x-timer': 'S1450826439.458838,VS0,VE0',
171 silly registry.get     vary: 'Accept' } ]
172 silly addNameRange number 2 { name: 'grunt-contrib-less',
172 silly addNameRange   range: '>=1.0.1-0 <1.1.0-0',
172 silly addNameRange   hasData: true }
173 silly addNameRange versions [ 'grunt-contrib-less',
173 silly addNameRange   [ '0.1.0',
173 silly addNameRange     '0.2.0',
173 silly addNameRange     '0.2.1',
173 silly addNameRange     '0.2.2',
173 silly addNameRange     '0.3.0',
173 silly addNameRange     '0.3.1',
173 silly addNameRange     '0.3.2',
173 silly addNameRange     '0.5.0',
173 silly addNameRange     '0.5.1',
173 silly addNameRange     '0.5.2',
173 silly addNameRange     '0.6.0',
173 silly addNameRange     '0.6.1',
173 silly addNameRange     '0.6.2',
173 silly addNameRange     '0.6.3',
173 silly addNameRange     '0.6.4',
173 silly addNameRange     '0.6.5',
173 silly addNameRange     '0.7.0',
173 silly addNameRange     '0.8.0',
173 silly addNameRange     '0.8.1',
173 silly addNameRange     '0.8.2',
173 silly addNameRange     '0.8.3',
173 silly addNameRange     '0.9.0',
173 silly addNameRange     '0.10.0',
173 silly addNameRange     '0.11.0',
173 silly addNameRange     '0.11.1',
173 silly addNameRange     '0.11.2',
173 silly addNameRange     '0.11.3',
173 silly addNameRange     '0.11.4',
173 silly addNameRange     '0.12.0',
173 silly addNameRange     '1.0.0',
173 silly addNameRange     '1.0.1',
173 silly addNameRange     '1.1.0',
173 silly addNameRange     '0.5.0-rc7' ] ]
174 verbose addNamed [ 'grunt-contrib-less', '1.0.1' ]
175 verbose addNamed [ '1.0.1', '1.0.1' ]
176 silly lockFile db7341fc-grunt-contrib-less-1-0-1 grunt-contrib-less@1.0.1
177 verbose lock grunt-contrib-less@1.0.1 /Users/toonvandeputte/.npm/db7341fc-grunt-contrib-less-1-0-1.lock
178 silly lockFile f3e02f1f-ess-grunt-contrib-less-1-0-1-tgz https://registry.npmjs.org/grunt-contrib-less/-/grunt-contrib-less-1.0.1.tgz
179 verbose lock https://registry.npmjs.org/grunt-contrib-less/-/grunt-contrib-less-1.0.1.tgz /Users/toonvandeputte/.npm/f3e02f1f-ess-grunt-contrib-less-1-0-1-tgz.lock
180 verbose addRemoteTarball [ 'https://registry.npmjs.org/grunt-contrib-less/-/grunt-contrib-less-1.0.1.tgz',
180 verbose addRemoteTarball   '87f32a5e474987a405c9c9890d33686a45021d51' ]
181 info retry fetch attempt 1 at 00:20:39
182 verbose fetch to= /var/folders/3d/8w_d9d4x01726p5h1_05j6p00000gn/T/npm-37634-RUAx6VGN/registry.npmjs.org/grunt-contrib-less/-/grunt-contrib-less-1.0.1.tgz
183 http GET https://registry.npmjs.org/grunt-contrib-less/-/grunt-contrib-less-1.0.1.tgz
184 http 200 https://registry.npmjs.org/grunt-contrib-watch
185 silly registry.get cb [ 200,
185 silly registry.get   { server: 'CouchDB/1.5.0 (Erlang OTP/R16B03)',
185 silly registry.get     etag: '"ASPD9PHFS4W2OQOYIFHW48RHJ"',
185 silly registry.get     'content-type': 'application/json',
185 silly registry.get     'cache-control': 'max-age=300',
185 silly registry.get     'content-length': '59102',
185 silly registry.get     'accept-ranges': 'bytes',
185 silly registry.get     date: 'Tue, 22 Dec 2015 23:20:39 GMT',
185 silly registry.get     via: '1.1 varnish',
185 silly registry.get     age: '278',
185 silly registry.get     connection: 'keep-alive',
185 silly registry.get     'x-served-by': 'cache-ams4146-AMS',
185 silly registry.get     'x-cache': 'HIT',
185 silly registry.get     'x-cache-hits': '1',
185 silly registry.get     'x-timer': 'S1450826439.599803,VS0,VE0',
185 silly registry.get     vary: 'Accept' } ]
186 silly addNameRange number 2 { name: 'grunt-contrib-watch',
186 silly addNameRange   range: '>=0.6.1-0 <0.7.0-0',
186 silly addNameRange   hasData: true }
187 silly addNameRange versions [ 'grunt-contrib-watch',
187 silly addNameRange   [ '0.1.0',
187 silly addNameRange     '0.1.1',
187 silly addNameRange     '0.1.2',
187 silly addNameRange     '0.1.3',
187 silly addNameRange     '0.1.4',
187 silly addNameRange     '0.2.0',
187 silly addNameRange     '0.3.0',
187 silly addNameRange     '0.3.1',
187 silly addNameRange     '0.4.0',
187 silly addNameRange     '0.4.1',
187 silly addNameRange     '0.4.2',
187 silly addNameRange     '0.4.3',
187 silly addNameRange     '0.4.4',
187 silly addNameRange     '0.5.0',
187 silly addNameRange     '0.5.1',
187 silly addNameRange     '0.5.2',
187 silly addNameRange     '0.5.3',
187 silly addNameRange     '0.6.0',
187 silly addNameRange     '0.6.1',
187 silly addNameRange     '0.2.0-a',
187 silly addNameRange     '0.2.0-rc5',
187 silly addNameRange     '0.2.0-rc7' ] ]
188 verbose addNamed [ 'grunt-contrib-watch', '0.6.1' ]
189 verbose addNamed [ '0.6.1', '0.6.1' ]
190 silly lockFile 08049756-grunt-contrib-watch-0-6-1 grunt-contrib-watch@0.6.1
191 verbose lock grunt-contrib-watch@0.6.1 /Users/toonvandeputte/.npm/08049756-grunt-contrib-watch-0-6-1.lock
192 silly lockFile 08049756-grunt-contrib-watch-0-6-1 grunt-contrib-watch@0.6.1
193 silly lockFile 08049756-grunt-contrib-watch-0-6-1 grunt-contrib-watch@0.6.1
194 silly lockFile 224b1ece-grunt-contrib-watch-0-6-1 grunt-contrib-watch@^0.6.1
195 silly lockFile 224b1ece-grunt-contrib-watch-0-6-1 grunt-contrib-watch@^0.6.1
196 http 200 https://registry.npmjs.org/grunt-contrib-uglify/-/grunt-contrib-uglify-0.5.1.tgz
197 silly lockFile c69dfd91-y-grunt-contrib-uglify-0-5-1-tgz https://registry.npmjs.org/grunt-contrib-uglify/-/grunt-contrib-uglify-0.5.1.tgz
198 silly lockFile c69dfd91-y-grunt-contrib-uglify-0-5-1-tgz https://registry.npmjs.org/grunt-contrib-uglify/-/grunt-contrib-uglify-0.5.1.tgz
199 silly lockFile a34481be-grunt-contrib-uglify-0-5-1 grunt-contrib-uglify@0.5.1
200 silly lockFile a34481be-grunt-contrib-uglify-0-5-1 grunt-contrib-uglify@0.5.1
201 silly lockFile 2d901165-grunt-contrib-uglify-0-5-0 grunt-contrib-uglify@~0.5.0
202 silly lockFile 2d901165-grunt-contrib-uglify-0-5-0 grunt-contrib-uglify@~0.5.0
203 http 200 https://registry.npmjs.org/grunt-contrib-less/-/grunt-contrib-less-1.0.1.tgz
204 silly lockFile f3e02f1f-ess-grunt-contrib-less-1-0-1-tgz https://registry.npmjs.org/grunt-contrib-less/-/grunt-contrib-less-1.0.1.tgz
205 silly lockFile f3e02f1f-ess-grunt-contrib-less-1-0-1-tgz https://registry.npmjs.org/grunt-contrib-less/-/grunt-contrib-less-1.0.1.tgz
206 silly lockFile db7341fc-grunt-contrib-less-1-0-1 grunt-contrib-less@1.0.1
207 silly lockFile db7341fc-grunt-contrib-less-1-0-1 grunt-contrib-less@1.0.1
208 silly lockFile dbc7cf04-grunt-contrib-less-1-0-1 grunt-contrib-less@~1.0.1
209 silly lockFile dbc7cf04-grunt-contrib-less-1-0-1 grunt-contrib-less@~1.0.1
210 http 200 https://registry.npmjs.org/grunt-contrib-jshint
211 silly registry.get cb [ 200,
211 silly registry.get   { server: 'CouchDB/1.5.0 (Erlang OTP/R16B03)',
211 silly registry.get     etag: '"1YCBBBGUNZDD4MP9YXX4AE2LL"',
211 silly registry.get     'content-type': 'application/json',
211 silly registry.get     'cache-control': 'max-age=300',
211 silly registry.get     'content-length': '61863',
211 silly registry.get     'accept-ranges': 'bytes',
211 silly registry.get     date: 'Tue, 22 Dec 2015 23:20:39 GMT',
211 silly registry.get     via: '1.1 varnish',
211 silly registry.get     age: '0',
211 silly registry.get     connection: 'keep-alive',
211 silly registry.get     'x-served-by': 'cache-ams4122-AMS',
211 silly registry.get     'x-cache': 'HIT',
211 silly registry.get     'x-cache-hits': '1',
211 silly registry.get     'x-timer': 'S1450826439.447831,VS0,VE370',
211 silly registry.get     vary: 'Accept' } ]
212 silly addNameRange number 2 { name: 'grunt-contrib-jshint',
212 silly addNameRange   range: '>=0.10.0-0 <0.11.0-0',
212 silly addNameRange   hasData: true }
213 silly addNameRange versions [ 'grunt-contrib-jshint',
213 silly addNameRange   [ '0.1.0',
213 silly addNameRange     '0.1.1',
213 silly addNameRange     '0.2.0',
213 silly addNameRange     '0.3.0',
213 silly addNameRange     '0.4.0',
213 silly addNameRange     '0.4.1',
213 silly addNameRange     '0.4.2',
213 silly addNameRange     '0.4.3',
213 silly addNameRange     '0.5.0',
213 silly addNameRange     '0.5.1',
213 silly addNameRange     '0.5.2',
213 silly addNameRange     '0.5.3',
213 silly addNameRange     '0.5.4',
213 silly addNameRange     '0.6.0',
213 silly addNameRange     '0.6.1',
213 silly addNameRange     '0.6.2',
213 silly addNameRange     '0.6.3',
213 silly addNameRange     '0.6.4',
213 silly addNameRange     '0.6.5',
213 silly addNameRange     '0.7.0',
213 silly addNameRange     '0.7.1',
213 silly addNameRange     '0.7.2',
213 silly addNameRange     '0.8.0',
213 silly addNameRange     '0.9.0',
213 silly addNameRange     '0.9.1',
213 silly addNameRange     '0.9.2',
213 silly addNameRange     '0.10.0',
213 silly addNameRange     '0.11.0',
213 silly addNameRange     '0.11.1',
213 silly addNameRange     '0.11.2',
213 silly addNameRange     '0.11.3',
213 silly addNameRange     '0.1.1-rc5',
213 silly addNameRange     '0.1.1-rc6' ] ]
214 verbose addNamed [ 'grunt-contrib-jshint', '0.10.0' ]
215 verbose addNamed [ '0.10.0', '0.10.0' ]
216 silly lockFile af8d4102-grunt-contrib-jshint-0-10-0 grunt-contrib-jshint@0.10.0
217 verbose lock grunt-contrib-jshint@0.10.0 /Users/toonvandeputte/.npm/af8d4102-grunt-contrib-jshint-0-10-0.lock
218 silly lockFile af8d4102-grunt-contrib-jshint-0-10-0 grunt-contrib-jshint@0.10.0
219 silly lockFile af8d4102-grunt-contrib-jshint-0-10-0 grunt-contrib-jshint@0.10.0
220 silly lockFile 956acfd4-grunt-contrib-jshint-0-10-0 grunt-contrib-jshint@~0.10.0
221 silly lockFile 956acfd4-grunt-contrib-jshint-0-10-0 grunt-contrib-jshint@~0.10.0
222 http 200 https://registry.npmjs.org/normalize.css
223 silly registry.get cb [ 200,
223 silly registry.get   { server: 'CouchDB/1.5.0 (Erlang OTP/R16B03)',
223 silly registry.get     etag: '"8YA41A1FY1CQAV94T5PWFGU75"',
223 silly registry.get     'content-type': 'application/json',
223 silly registry.get     'cache-control': 'max-age=300',
223 silly registry.get     'content-length': '7772',
223 silly registry.get     'accept-ranges': 'bytes',
223 silly registry.get     date: 'Tue, 22 Dec 2015 23:20:40 GMT',
223 silly registry.get     via: '1.1 varnish',
223 silly registry.get     age: '0',
223 silly registry.get     connection: 'keep-alive',
223 silly registry.get     'x-served-by': 'cache-ams4128-AMS',
223 silly registry.get     'x-cache': 'HIT',
223 silly registry.get     'x-cache-hits': '1',
223 silly registry.get     'x-timer': 'S1450826439.465342,VS0,VE684',
223 silly registry.get     vary: 'Accept' } ]
224 silly addNameRange number 2 { name: 'normalize.css',
224 silly addNameRange   range: '>=3.0.3-0 <4.0.0-0',
224 silly addNameRange   hasData: true }
225 silly addNameRange versions [ 'normalize.css', [ '0.0.1', '3.0.1', '3.0.2', '3.0.3' ] ]
226 verbose addNamed [ 'normalize.css', '3.0.3' ]
227 verbose addNamed [ '3.0.3', '3.0.3' ]
228 silly lockFile 95d20208-normalize-css-3-0-3 normalize.css@3.0.3
229 verbose lock normalize.css@3.0.3 /Users/toonvandeputte/.npm/95d20208-normalize-css-3-0-3.lock
230 silly lockFile 2bc52f0a-lize-css-normalize-css-3-0-3-tgz https://registry.npmjs.org/normalize.css/-/normalize.css-3.0.3.tgz
231 verbose lock https://registry.npmjs.org/normalize.css/-/normalize.css-3.0.3.tgz /Users/toonvandeputte/.npm/2bc52f0a-lize-css-normalize-css-3-0-3-tgz.lock
232 verbose addRemoteTarball [ 'https://registry.npmjs.org/normalize.css/-/normalize.css-3.0.3.tgz',
232 verbose addRemoteTarball   'acc00262e235a2caa91363a2e5e3bfa4f8ad05c6' ]
233 info retry fetch attempt 1 at 00:20:40
234 verbose fetch to= /var/folders/3d/8w_d9d4x01726p5h1_05j6p00000gn/T/npm-37634-RUAx6VGN/registry.npmjs.org/normalize.css/-/normalize.css-3.0.3.tgz
235 http GET https://registry.npmjs.org/normalize.css/-/normalize.css-3.0.3.tgz
236 http 200 https://registry.npmjs.org/normalize.css/-/normalize.css-3.0.3.tgz
237 silly lockFile 2bc52f0a-lize-css-normalize-css-3-0-3-tgz https://registry.npmjs.org/normalize.css/-/normalize.css-3.0.3.tgz
238 silly lockFile 2bc52f0a-lize-css-normalize-css-3-0-3-tgz https://registry.npmjs.org/normalize.css/-/normalize.css-3.0.3.tgz
239 silly lockFile 95d20208-normalize-css-3-0-3 normalize.css@3.0.3
240 silly lockFile 95d20208-normalize-css-3-0-3 normalize.css@3.0.3
241 silly lockFile d9ae762f-normalize-css-3-0-3 normalize.css@^3.0.3
242 silly lockFile d9ae762f-normalize-css-3-0-3 normalize.css@^3.0.3
243 http 200 https://registry.npmjs.org/grunt
244 silly registry.get cb [ 200,
244 silly registry.get   { server: 'CouchDB/1.5.0 (Erlang OTP/R16B03)',
244 silly registry.get     etag: '"1D1PUYUTUJNAYR49KU4G9JQRB"',
244 silly registry.get     'content-type': 'application/json',
244 silly registry.get     'cache-control': 'max-age=300',
244 silly registry.get     'content-length': '90936',
244 silly registry.get     'accept-ranges': 'bytes',
244 silly registry.get     date: 'Tue, 22 Dec 2015 23:20:40 GMT',
244 silly registry.get     via: '1.1 varnish',
244 silly registry.get     age: '0',
244 silly registry.get     connection: 'keep-alive',
244 silly registry.get     'x-served-by': 'cache-ams4148-AMS',
244 silly registry.get     'x-cache': 'HIT',
244 silly registry.get     'x-cache-hits': '1',
244 silly registry.get     'x-timer': 'S1450826439.649691,VS0,VE712',
244 silly registry.get     vary: 'Accept' } ]
245 silly addNameRange number 2 { name: 'grunt', range: '>=0.4.5-0 <0.5.0-0', hasData: true }
246 silly addNameRange versions [ 'grunt',
246 silly addNameRange   [ '0.1.0',
246 silly addNameRange     '0.1.1',
246 silly addNameRange     '0.1.2',
246 silly addNameRange     '0.2.0',
246 silly addNameRange     '0.2.1',
246 silly addNameRange     '0.2.2',
246 silly addNameRange     '0.2.3',
246 silly addNameRange     '0.2.4',
246 silly addNameRange     '0.2.5',
246 silly addNameRange     '0.2.6',
246 silly addNameRange     '0.2.7',
246 silly addNameRange     '0.2.8',
246 silly addNameRange     '0.2.9',
246 silly addNameRange     '0.2.10',
246 silly addNameRange     '0.2.11',
246 silly addNameRange     '0.2.12',
246 silly addNameRange     '0.2.13',
246 silly addNameRange     '0.2.14',
246 silly addNameRange     '0.2.15',
246 silly addNameRange     '0.3.0',
246 silly addNameRange     '0.3.1',
246 silly addNameRange     '0.3.2',
246 silly addNameRange     '0.3.3',
246 silly addNameRange     '0.3.4',
246 silly addNameRange     '0.3.5',
246 silly addNameRange     '0.3.6',
246 silly addNameRange     '0.3.7',
246 silly addNameRange     '0.3.8',
246 silly addNameRange     '0.3.9',
246 silly addNameRange     '0.3.10',
246 silly addNameRange     '0.3.11',
246 silly addNameRange     '0.3.12',
246 silly addNameRange     '0.3.13',
246 silly addNameRange     '0.3.14',
246 silly addNameRange     '0.3.15',
246 silly addNameRange     '0.3.16',
246 silly addNameRange     '0.3.17',
246 silly addNameRange     '0.4.0',
246 silly addNameRange     '0.4.1',
246 silly addNameRange     '0.4.2',
246 silly addNameRange     '0.4.3',
246 silly addNameRange     '0.4.4',
246 silly addNameRange     '0.4.5',
246 silly addNameRange     '0.3.13-a',
246 silly addNameRange     '0.4.0-a',
246 silly addNameRange     '0.4.0-rc1',
246 silly addNameRange     '0.4.0-rc2',
246 silly addNameRange     '0.4.0-rc3',
246 silly addNameRange     '0.4.0-rc4',
246 silly addNameRange     '0.4.0-rc5',
246 silly addNameRange     '0.4.0-rc6',
246 silly addNameRange     '0.4.0-rc7',
246 silly addNameRange     '0.4.0-rc8' ] ]
247 verbose addNamed [ 'grunt', '0.4.5' ]
248 verbose addNamed [ '0.4.5', '0.4.5' ]
249 silly lockFile 81abf7ad-grunt-0-4-5 grunt@0.4.5
250 verbose lock grunt@0.4.5 /Users/toonvandeputte/.npm/81abf7ad-grunt-0-4-5.lock
251 silly lockFile 81abf7ad-grunt-0-4-5 grunt@0.4.5
252 silly lockFile 81abf7ad-grunt-0-4-5 grunt@0.4.5
253 silly lockFile 240974bb-grunt-0-4-5 grunt@~0.4.5
254 silly lockFile 240974bb-grunt-0-4-5 grunt@~0.4.5
255 error Error: EACCES, mkdir '/Users/toonvandeputte/.npm/grunt-contrib-less/1.0.1'
255 error  { [Error: EACCES, mkdir '/Users/toonvandeputte/.npm/grunt-contrib-less/1.0.1']
255 error   errno: 3,
255 error   code: 'EACCES',
255 error   path: '/Users/toonvandeputte/.npm/grunt-contrib-less/1.0.1',
255 error   parent: 'rofl' }
256 error Please try running this command again as root/Administrator.
257 error System Darwin 15.2.0
258 error command "node" "/usr/local/bin/npm" "install"
259 error cwd /Users/toonvandeputte/psites/fri3d.be
260 error node -v v0.10.33
261 error npm -v 1.4.28
262 error path /Users/toonvandeputte/.npm/grunt-contrib-less/1.0.1
263 error code EACCES
264 error errno 3
265 error stack Error: EACCES, mkdir '/Users/toonvandeputte/.npm/grunt-contrib-less/1.0.1'
266 verbose exit [ 3, true ]
